This is pdfTeX, Version 3.141592653-2.6-1.40.22 (TeX Live 2022/dev/Debian) (preloaded format=pdflatex 2024.3.19)  20 JUL 2024 00:06
entering extended mode
 restricted \write18 enabled.
 %&-line parsing enabled.
**main.tex
(./main.tex
LaTeX2e <2021-11-15> patch level 1
L3 programming layer <2022-01-21>
(/usr/share/texlive/texmf-dist/tex/latex/base/book.cls
Document Class: book 2021/10/04 v1.4n Standard LaTeX document class
(/usr/share/texlive/texmf-dist/tex/latex/base/bk12.clo
File: bk12.clo 2021/10/04 v1.4n Standard LaTeX file (size option)
)
\c@part=\count185
\c@chapter=\count186
\c@section=\count187
\c@subsection=\count188
\c@subsubsection=\count189
\c@paragraph=\count190
\c@subparagraph=\count191
\c@figure=\count192
\c@table=\count193
\abovecaptionskip=\skip47
\belowcaptionskip=\skip48
\bibindent=\dimen138
)
(/usr/share/texlive/texmf-dist/tex/latex/graphics/graphicx.sty
Package: graphicx 2021/09/16 v1.2d Enhanced LaTeX Graphics (DPC,SPQR)

(/usr/share/texlive/texmf-dist/tex/latex/graphics/keyval.sty
Package: keyval 2014/10/28 v1.15 key=value parser (DPC)
\KV@toks@=\toks16
)
(/usr/share/texlive/texmf-dist/tex/latex/graphics/graphics.sty
Package: graphics 2021/03/04 v1.4d Standard LaTeX Graphics (DPC,SPQR)

(/usr/share/texlive/texmf-dist/tex/latex/graphics/trig.sty
Package: trig 2021/08/11 v1.11 sin cos tan (DPC)
)
(/usr/share/texlive/texmf-dist/tex/latex/graphics-cfg/graphics.cfg
File: graphics.cfg 2016/06/04 v1.11 sample graphics configuration
)
Package graphics Info: Driver file: pdftex.def on input line 107.

(/usr/share/texlive/texmf-dist/tex/latex/graphics-def/pdftex.def
File: pdftex.def 2020/10/05 v1.2a Graphics/color driver for pdftex
))
\Gin@req@height=\dimen139
\Gin@req@width=\dimen140
)
(/usr/share/texlive/texmf-dist/tex/latex/psnfss/times.sty
Package: times 2020/03/25 PSNFSS-v9.3 (SPQR) 
)
(/usr/share/texlive/texmf-dist/tex/latex/geometry/geometry.sty
Package: geometry 2020/01/02 v5.9 Page Geometry

(/usr/share/texlive/texmf-dist/tex/generic/iftex/ifvtex.sty
Package: ifvtex 2019/10/25 v1.7 ifvtex legacy package. Use iftex instead.

(/usr/share/texlive/texmf-dist/tex/generic/iftex/iftex.sty
Package: iftex 2020/03/06 v1.0d TeX engine tests
))
\Gm@cnth=\count194
\Gm@cntv=\count195
\c@Gm@tempcnt=\count196
\Gm@bindingoffset=\dimen141
\Gm@wd@mp=\dimen142
\Gm@odd@mp=\dimen143
\Gm@even@mp=\dimen144
\Gm@layoutwidth=\dimen145
\Gm@layoutheight=\dimen146
\Gm@layouthoffset=\dimen147
\Gm@layoutvoffset=\dimen148
\Gm@dimlist=\toks17
)
(/usr/share/texlive/texmf-dist/tex/latex/setspace/setspace.sty
Package: setspace 2011/12/19 v6.7a set line spacing
)
(/usr/share/texlive/texmf-dist/tex/latex/base/fontenc.sty
Package: fontenc 2021/04/29 v2.0v Standard LaTeX package
LaTeX Font Info:    Trying to load font information for T1+ptm on input line 11
2.

(/usr/share/texlive/texmf-dist/tex/latex/psnfss/t1ptm.fd
File: t1ptm.fd 2001/06/04 font definitions for T1/ptm.
))
(/usr/share/texlive/texmf-dist/tex/latex/titlesec/titlesec.sty
Package: titlesec 2021/07/05 v2.14 Sectioning titles
\ttl@box=\box50
\beforetitleunit=\skip49
\aftertitleunit=\skip50
\ttl@plus=\dimen149
\ttl@minus=\dimen150
\ttl@toksa=\toks18
\titlewidth=\dimen151
\titlewidthlast=\dimen152
\titlewidthfirst=\dimen153
)
(/usr/share/texlive/texmf-dist/tex/latex/blindtext/blindtext.sty
Package: blindtext 2012/01/06 V2.0 blindtext-Package

(/usr/share/texlive/texmf-dist/tex/latex/tools/xspace.sty
Package: xspace 2014/10/28 v1.13 Space after command names (DPC,MH)
)
\c@blindtext=\count197
\c@Blindtext=\count198
\c@blind@countparstart=\count199
\blind@countxx=\count266
\blindtext@numBlindtext=\count267
\blind@countyy=\count268
\c@blindlist=\count269
\c@blindlistlevel=\count270
\c@blindlist@level=\count271
\blind@listitem=\count272
\c@blind@listcount=\count273
\c@blind@levelcount=\count274
\blind@mathformula=\count275
\blind@Mathformula=\count276
\c@blind@randomcount=\count277
\c@blind@randommax=\count278
\c@blind@pangramcount=\count279
\c@blind@pangrammax=\count280
)
(/usr/share/texlive/texmf-dist/tex/latex/graphics/color.sty
Package: color 2021/12/07 v1.3c Standard LaTeX Color (DPC)

(/usr/share/texlive/texmf-dist/tex/latex/graphics-cfg/color.cfg
File: color.cfg 2016/01/02 v1.6 sample color configuration
)
Package color Info: Driver file: pdftex.def on input line 149.
)
(/usr/share/texlive/texmf-dist/tex/latex/fancyhdr/fancyhdr.sty
Package: fancyhdr 2021/01/28 v4.0.1 Extensive control of page headers and foote
rs
\f@nch@headwidth=\skip51
\f@nch@O@elh=\skip52
\f@nch@O@erh=\skip53
\f@nch@O@olh=\skip54
\f@nch@O@orh=\skip55
\f@nch@O@elf=\skip56
\f@nch@O@erf=\skip57
\f@nch@O@olf=\skip58
\f@nch@O@orf=\skip59
)
(/usr/share/texlive/texmf-dist/tex/latex/microtype/microtype.sty
Package: microtype 2021/12/10 v3.0b Micro-typographical refinements (RS)

(/usr/share/texlive/texmf-dist/tex/latex/etoolbox/etoolbox.sty
Package: etoolbox 2020/10/05 v2.5k e-TeX tools for LaTeX (JAW)
\etb@tempcnta=\count281
)
\MT@toks=\toks19
\MT@count=\count282
\MT@tempbox=\box51
LaTeX Info: Redefining \leftprotrusion on input line 1010.
LaTeX Info: Redefining \rightprotrusion on input line 1018.
LaTeX Info: Redefining \textls on input line 1173.
\MT@outer@kern=\dimen154
LaTeX Info: Redefining \textmicrotypecontext on input line 1759.
\MT@listname@count=\count283

(/usr/share/texlive/texmf-dist/tex/latex/microtype/microtype-pdftex.def
File: microtype-pdftex.def 2021/12/10 v3.0b Definitions specific to pdftex (RS)

LaTeX Info: Redefining \lsstyle on input line 897.
LaTeX Info: Redefining \lslig on input line 897.
\MT@outer@space=\skip60
)
Package microtype Info: Loading configuration file microtype.cfg.

(/usr/share/texlive/texmf-dist/tex/latex/microtype/microtype.cfg
File: microtype.cfg 2021/12/10 v3.0b microtype main configuration file (RS)
))
(/usr/share/texlive/texmf-dist/tex/latex/amsmath/amsmath.sty
Package: amsmath 2021/10/15 v2.17l AMS math features
\@mathmargin=\skip61

For additional information on amsmath, use the `?' option.
(/usr/share/texlive/texmf-dist/tex/latex/amsmath/amstext.sty
Package: amstext 2021/08/26 v2.01 AMS text

(/usr/share/texlive/texmf-dist/tex/latex/amsmath/amsgen.sty
File: amsgen.sty 1999/11/30 v2.0 generic functions
\@emptytoks=\toks20
\ex@=\dimen155
))
(/usr/share/texlive/texmf-dist/tex/latex/amsmath/amsbsy.sty
Package: amsbsy 1999/11/29 v1.2d Bold Symbols
\pmbraise@=\dimen156
)
(/usr/share/texlive/texmf-dist/tex/latex/amsmath/amsopn.sty
Package: amsopn 2021/08/26 v2.02 operator names
)
\inf@bad=\count284
LaTeX Info: Redefining \frac on input line 234.
\uproot@=\count285
\leftroot@=\count286
LaTeX Info: Redefining \overline on input line 399.
\classnum@=\count287
\DOTSCASE@=\count288
LaTeX Info: Redefining \ldots on input line 496.
LaTeX Info: Redefining \dots on input line 499.
LaTeX Info: Redefining \cdots on input line 620.
\Mathstrutbox@=\box52
\strutbox@=\box53
\big@size=\dimen157
LaTeX Font Info:    Redeclaring font encoding OML on input line 743.
LaTeX Font Info:    Redeclaring font encoding OMS on input line 744.
\macc@depth=\count289
\c@MaxMatrixCols=\count290
\dotsspace@=\muskip16
\c@parentequation=\count291
\dspbrk@lvl=\count292
\tag@help=\toks21
\row@=\count293
\column@=\count294
\maxfields@=\count295
\andhelp@=\toks22
\eqnshift@=\dimen158
\alignsep@=\dimen159
\tagshift@=\dimen160
\tagwidth@=\dimen161
\totwidth@=\dimen162
\lineht@=\dimen163
\@envbody=\toks23
\multlinegap=\skip62
\multlinetaggap=\skip63
\mathdisplay@stack=\toks24
LaTeX Info: Redefining \[ on input line 2938.
LaTeX Info: Redefining \] on input line 2939.
)
(/usr/share/texlive/texmf-dist/tex/latex/amscls/amsthm.sty
Package: amsthm 2020/05/29 v2.20.6
\thm@style=\toks25
\thm@bodyfont=\toks26
\thm@headfont=\toks27
\thm@notefont=\toks28
\thm@headpunct=\toks29
\thm@preskip=\skip64
\thm@postskip=\skip65
\thm@headsep=\skip66
\dth@everypar=\toks30
)
(/usr/share/texlive/texmf-dist/tex/latex/amsfonts/amssymb.sty
Package: amssymb 2013/01/14 v3.01 AMS font symbols

(/usr/share/texlive/texmf-dist/tex/latex/amsfonts/amsfonts.sty
Package: amsfonts 2013/01/14 v3.01 Basic AMSFonts support
\symAMSa=\mathgroup4
\symAMSb=\mathgroup5
LaTeX Font Info:    Redeclaring math symbol \hbar on input line 98.
LaTeX Font Info:    Overwriting math alphabet `\mathfrak' in version `bold'
(Font)                  U/euf/m/n --> U/euf/b/n on input line 106.
))
(/usr/share/texlive/texmf-dist/tex/latex/was/gensymb.sty
Package: gensymb 2003/07/02 v1.0 (WaS)
)
(/usr/share/texlive/texmf-dist/tex/latex/physics/physics.sty
Package: physics 

(/usr/share/texlive/texmf-dist/tex/latex/l3packages/xparse/xparse.sty
(/usr/share/texlive/texmf-dist/tex/latex/l3kernel/expl3.sty
Package: expl3 2022-01-21 L3 programming layer (loader) 

(/usr/share/texlive/texmf-dist/tex/latex/l3backend/l3backend-pdftex.def
File: l3backend-pdftex.def 2022-01-12 L3 backend support: PDF output (pdfTeX)
\l__color_backend_stack_int=\count296
\l__pdf_internal_box=\box54
))
Package: xparse 2022-01-12 L3 Experimental document command parser
))
(/usr/share/texlive/texmf-dist/tex/latex/csquotes/csquotes.sty
Package: csquotes 2021-02-22 v5.2l context-sensitive quotations (JAW)
\csq@reset=\count297
\csq@gtype=\count298
\csq@glevel=\count299
\csq@qlevel=\count300
\csq@maxlvl=\count301
\csq@tshold=\count302
\csq@ltx@everypar=\toks31

(/usr/share/texlive/texmf-dist/tex/latex/csquotes/csquotes.def
File: csquotes.def 2021-02-22 v5.2l csquotes generic definitions (JAW)
)
Package csquotes Info: Trying to load configuration file 'csquotes.cfg'...
Package csquotes Info: ... configuration file loaded successfully.

(/usr/share/texlive/texmf-dist/tex/latex/csquotes/csquotes.cfg
File: csquotes.cfg 
))
(/usr/share/texlive/texmf-dist/tex/latex/pdfpages/pdfpages.sty
Package: pdfpages 2022/01/29 v0.5u Insert pages of external PDF documents (AM)

(/usr/share/texlive/texmf-dist/tex/latex/base/ifthen.sty
Package: ifthen 2020/11/24 v1.1c Standard LaTeX ifthen package (DPC)
)
(/usr/share/texlive/texmf-dist/tex/latex/tools/calc.sty
Package: calc 2017/05/25 v4.3 Infix arithmetic (KKT,FJ)
\calc@Acount=\count303
\calc@Bcount=\count304
\calc@Adimen=\dimen164
\calc@Bdimen=\dimen165
\calc@Askip=\skip67
\calc@Bskip=\skip68
LaTeX Info: Redefining \setlength on input line 80.
LaTeX Info: Redefining \addtolength on input line 81.
\calc@Ccount=\count305
\calc@Cskip=\skip69
)
(/usr/share/texlive/texmf-dist/tex/latex/eso-pic/eso-pic.sty
Package: eso-pic 2020/10/14 v3.0a eso-pic (RN)
\ESO@tempdima=\dimen166
\ESO@tempdimb=\dimen167
)
\AM@pagewidth=\dimen168
\AM@pageheight=\dimen169
\AM@fboxrule=\dimen170

(/usr/share/texlive/texmf-dist/tex/latex/pdfpages/pppdftex.def
File: pppdftex.def 2022/01/29 v0.5u Pdfpages driver for pdfTeX (AM)
)
\pdfpages@includegraphics@status=\count306
\AM@pagebox=\box55
\AM@global@opts=\toks32
\AM@pagecnt=\count307
\AM@toc@title=\toks33
\c@AM@survey=\count308
\AM@templatesizebox=\box56
)
(/usr/share/texlive/texmf-dist/tex/latex/appendix/appendix.sty
Package: appendix 2020/02/08 v1.2c extra appendix facilities
\c@@pps=\count309
\c@@ppsavesec=\count310
\c@@ppsaveapp=\count311
)
(/usr/share/texlive/texmf-dist/tex/latex/tools/indentfirst.sty
Package: indentfirst 1995/11/23 v1.03 Indent first paragraph (DPC)
)
(/usr/share/texlive/texmf-dist/tex/latex/url/url.sty
\Urlmuskip=\muskip17
Package: url 2013/09/16  ver 3.4  Verb mode for urls, etc.
)
(/usr/share/texlive/texmf-dist/tex/latex/hyperref/hyperref.sty
Package: hyperref 2021-06-07 v7.00m Hypertext links for LaTeX

(/usr/share/texlive/texmf-dist/tex/generic/ltxcmds/ltxcmds.sty
Package: ltxcmds 2020-05-10 v1.25 LaTeX kernel commands for general use (HO)
)
(/usr/share/texlive/texmf-dist/tex/generic/pdftexcmds/pdftexcmds.sty
Package: pdftexcmds 2020-06-27 v0.33 Utility functions of pdfTeX for LuaTeX (HO
)

(/usr/share/texlive/texmf-dist/tex/generic/infwarerr/infwarerr.sty
Package: infwarerr 2019/12/03 v1.5 Providing info/warning/error messages (HO)
)
Package pdftexcmds Info: \pdf@primitive is available.
Package pdftexcmds Info: \pdf@ifprimitive is available.
Package pdftexcmds Info: \pdfdraftmode found.
)
(/usr/share/texlive/texmf-dist/tex/generic/kvsetkeys/kvsetkeys.sty
Package: kvsetkeys 2019/12/15 v1.18 Key value parser (HO)
)
(/usr/share/texlive/texmf-dist/tex/generic/kvdefinekeys/kvdefinekeys.sty
Package: kvdefinekeys 2019-12-19 v1.6 Define keys (HO)
)
(/usr/share/texlive/texmf-dist/tex/generic/pdfescape/pdfescape.sty
Package: pdfescape 2019/12/09 v1.15 Implements pdfTeX's escape features (HO)
)
(/usr/share/texlive/texmf-dist/tex/latex/hycolor/hycolor.sty
Package: hycolor 2020-01-27 v1.10 Color options for hyperref/bookmark (HO)
)
(/usr/share/texlive/texmf-dist/tex/latex/letltxmacro/letltxmacro.sty
Package: letltxmacro 2019/12/03 v1.6 Let assignment for LaTeX macros (HO)
)
(/usr/share/texlive/texmf-dist/tex/latex/auxhook/auxhook.sty
Package: auxhook 2019-12-17 v1.6 Hooks for auxiliary files (HO)
)
(/usr/share/texlive/texmf-dist/tex/latex/kvoptions/kvoptions.sty
Package: kvoptions 2020-10-07 v3.14 Key value format for package options (HO)
)
\@linkdim=\dimen171
\Hy@linkcounter=\count312
\Hy@pagecounter=\count313

(/usr/share/texlive/texmf-dist/tex/latex/hyperref/pd1enc.def
File: pd1enc.def 2021-06-07 v7.00m Hyperref: PDFDocEncoding definition (HO)
Now handling font encoding PD1 ...
... no UTF-8 mapping file for font encoding PD1
)
(/usr/share/texlive/texmf-dist/tex/latex/hyperref/hyperref-langpatches.def
File: hyperref-langpatches.def 2021-06-07 v7.00m Hyperref: patches for babel la
nguages
)
(/usr/share/texlive/texmf-dist/tex/generic/intcalc/intcalc.sty
Package: intcalc 2019/12/15 v1.3 Expandable calculations with integers (HO)
)
(/usr/share/texlive/texmf-dist/tex/generic/etexcmds/etexcmds.sty
Package: etexcmds 2019/12/15 v1.7 Avoid name clashes with e-TeX commands (HO)
)
\Hy@SavedSpaceFactor=\count314

(/usr/share/texlive/texmf-dist/tex/latex/hyperref/puenc.def
File: puenc.def 2021-06-07 v7.00m Hyperref: PDF Unicode definition (HO)
Now handling font encoding PU ...
... no UTF-8 mapping file for font encoding PU
)
Package hyperref Info: Hyper figures OFF on input line 4192.
Package hyperref Info: Link nesting OFF on input line 4197.
Package hyperref Info: Hyper index ON on input line 4200.
Package hyperref Info: Plain pages OFF on input line 4207.
Package hyperref Info: Backreferencing OFF on input line 4212.
Package hyperref Info: Implicit mode ON; LaTeX internals redefined.
Package hyperref Info: Bookmarks ON on input line 4445.
\c@Hy@tempcnt=\count315
LaTeX Info: Redefining \url on input line 4804.
\XeTeXLinkMargin=\dimen172

(/usr/share/texlive/texmf-dist/tex/generic/bitset/bitset.sty
Package: bitset 2019/12/09 v1.3 Handle bit-vector datatype (HO)

(/usr/share/texlive/texmf-dist/tex/generic/bigintcalc/bigintcalc.sty
Package: bigintcalc 2019/12/15 v1.5 Expandable calculations on big integers (HO
)
))
\Fld@menulength=\count316
\Field@Width=\dimen173
\Fld@charsize=\dimen174
Package hyperref Info: Hyper figures OFF on input line 6076.
Package hyperref Info: Link nesting OFF on input line 6081.
Package hyperref Info: Hyper index ON on input line 6084.
Package hyperref Info: backreferencing OFF on input line 6091.
Package hyperref Info: Link coloring OFF on input line 6096.
Package hyperref Info: Link coloring with OCG OFF on input line 6101.
Package hyperref Info: PDF/A mode OFF on input line 6106.
LaTeX Info: Redefining \ref on input line 6146.
LaTeX Info: Redefining \pageref on input line 6150.

(/usr/share/texlive/texmf-dist/tex/latex/base/atbegshi-ltx.sty
Package: atbegshi-ltx 2021/01/10 v1.0c Emulation of the original atbegshi
package with kernel methods
)
\Hy@abspage=\count317
\c@Item=\count318
\c@Hfootnote=\count319
)
Package hyperref Info: Driver (autodetected): hpdftex.

(/usr/share/texlive/texmf-dist/tex/latex/hyperref/hpdftex.def
File: hpdftex.def 2021-06-07 v7.00m Hyperref driver for pdfTeX

(/usr/share/texlive/texmf-dist/tex/latex/base/atveryend-ltx.sty
Package: atveryend-ltx 2020/08/19 v1.0a Emulation of the original atveryend pac
kage
with kernel methods
)
\Fld@listcount=\count320
\c@bookmark@seq@number=\count321

(/usr/share/texlive/texmf-dist/tex/latex/rerunfilecheck/rerunfilecheck.sty
Package: rerunfilecheck 2019/12/05 v1.9 Rerun checks for auxiliary files (HO)

(/usr/share/texlive/texmf-dist/tex/generic/uniquecounter/uniquecounter.sty
Package: uniquecounter 2019/12/15 v1.4 Provide unlimited unique counter (HO)
)
Package uniquecounter Info: New unique counter `rerunfilecheck' on input line 2
86.
)
\Hy@SectionHShift=\skip70
)
(/usr/share/texlive/texmf-dist/tex/latex/caption/subcaption.sty
Package: subcaption 2020/10/07 v1.3j Sub-captions (AR)

(/usr/share/texlive/texmf-dist/tex/latex/caption/caption.sty
Package: caption 2020/10/26 v3.5g Customizing captions (AR)

(/usr/share/texlive/texmf-dist/tex/latex/caption/caption3.sty
Package: caption3 2020/10/21 v2.2e caption3 kernel (AR)
\captionmargin=\dimen175
\captionmargin@=\dimen176
\captionwidth=\dimen177
\caption@tempdima=\dimen178
\caption@indent=\dimen179
\caption@parindent=\dimen180
\caption@hangindent=\dimen181
Package caption Info: Standard document class detected.
)
\c@caption@flags=\count322
\c@continuedfloat=\count323
Package caption Info: hyperref package is loaded.
)
\c@subfigure=\count324
\c@subtable=\count325
)
(/usr/share/texlive/texmf-dist/tex/generic/nth/nth.sty
Package: nth 2002/02/27
)
(/usr/share/texlive/texmf-dist/tex/latex/siunitx/siunitx.sty
Package: siunitx 2022-02-02 v3.0.46 A comprehensive (SI) units package
\l__siunitx_angle_tmp_dim=\dimen182
\l__siunitx_angle_marker_box=\box57
\l__siunitx_angle_unit_box=\box58
\l__siunitx_compound_count_int=\count326

(/usr/share/texlive/texmf-dist/tex/latex/translations/translations.sty
Package: translations 2022/01/04 v1.11 internationalization of LaTeX2e packages
 (CN)
)
\l__siunitx_number_exponent_fixed_int=\count327
\l__siunitx_number_min_decimal_int=\count328
\l__siunitx_number_min_integer_int=\count329
\l__siunitx_number_round_precision_int=\count330
\l__siunitx_number_group_minimum_int=\count331
\l__siunitx_table_tmp_box=\box59
\l__siunitx_table_tmp_dim=\dimen183
\l__siunitx_table_column_width_dim=\dimen184
\l__siunitx_table_integer_box=\box60
\l__siunitx_table_decimal_box=\box61
\l__siunitx_table_before_box=\box62
\l__siunitx_table_after_box=\box63
\l__siunitx_table_before_dim=\dimen185
\l__siunitx_table_carry_dim=\dimen186
\l__siunitx_unit_tmp_int=\count332
\l__siunitx_unit_position_int=\count333
\l__siunitx_unit_total_int=\count334

(/usr/share/texlive/texmf-dist/tex/latex/l3packages/l3keys2e/l3keys2e.sty
Package: l3keys2e 2022-01-12 LaTeX2e option processing using LaTeX3 keys
)

Package siunitx Warning: Detected the "physics" package:
(siunitx)                Omitting definition of \qty.

(/usr/share/texlive/texmf-dist/tex/latex/tools/array.sty
Package: array 2021/10/04 v2.5f Tabular extension package (FMi)
\col@sep=\dimen187
\ar@mcellbox=\box64
\extrarowheight=\dimen188
\NC@list=\toks34
\extratabsurround=\skip71
\backup@length=\skip72
\ar@cellbox=\box65
))
(/usr/share/texlive/texmf-dist/tex/latex/tensor/tensor.sty
Package: tensor 2004/12/20 v2.1 tensor indices package (PGR)
\tnsr@Sps=\toks35
\tnsr@Sbs=\toks36
\tnsr@Spe=\toks37
\tnsr@Sbe=\toks38
\ncld@Mno=\toks39
)
\c@theorem=\count335
\c@example=\count336

(/usr/share/texlive/texmf-dist/tex/latex/biblatex/biblatex.sty
Package: biblatex 2022/02/02 v3.17 programmable bibliographies (PK/MW)

(/usr/share/texlive/texmf-dist/tex/latex/logreq/logreq.sty
Package: logreq 2010/08/04 v1.0 xml request logger
\lrq@indent=\count337

(/usr/share/texlive/texmf-dist/tex/latex/logreq/logreq.def
File: logreq.def 2010/08/04 v1.0 logreq spec v1.0
))
\c@tabx@nest=\count338
\c@listtotal=\count339
\c@listcount=\count340
\c@liststart=\count341
\c@liststop=\count342
\c@citecount=\count343
\c@citetotal=\count344
\c@multicitecount=\count345
\c@multicitetotal=\count346
\c@instcount=\count347
\c@maxnames=\count348
\c@minnames=\count349
\c@maxitems=\count350
\c@minitems=\count351
\c@citecounter=\count352
\c@maxcitecounter=\count353
\c@savedcitecounter=\count354
\c@uniquelist=\count355
\c@uniquename=\count356
\c@refsection=\count357
\c@refsegment=\count358
\c@maxextratitle=\count359
\c@maxextratitleyear=\count360
\c@maxextraname=\count361
\c@maxextradate=\count362
\c@maxextraalpha=\count363
\c@abbrvpenalty=\count364
\c@highnamepenalty=\count365
\c@lownamepenalty=\count366
\c@maxparens=\count367
\c@parenlevel=\count368
\blx@tempcnta=\count369
\blx@tempcntb=\count370
\blx@tempcntc=\count371
\c@blx@maxsection=\count372
\c@blx@maxsegment@0=\count373
\blx@notetype=\count374
\blx@parenlevel@text=\count375
\blx@parenlevel@foot=\count376
\c@blx@sectionciteorder@0=\count377
\blx@entrysetcounter=\count378
\blx@biblioinstance=\count379
\labelnumberwidth=\skip73
\labelalphawidth=\skip74
\biblabelsep=\skip75
\bibitemsep=\skip76
\bibnamesep=\skip77
\bibinitsep=\skip78
\bibparsep=\skip79
\bibhang=\skip80
\blx@bcfin=\read2
\blx@bcfout=\write3
\blx@langwohyphens=\language87
\c@mincomprange=\count380
\c@maxcomprange=\count381
\c@mincompwidth=\count382
Package biblatex Info: Trying to load biblatex default data model...
Package biblatex Info: ... file 'blx-dm.def' found.

(/usr/share/texlive/texmf-dist/tex/latex/biblatex/blx-dm.def
File: blx-dm.def 2022/02/02 v3.17 biblatex localization (PK/MW)
)
Package biblatex Info: Trying to load biblatex style data model...
Package biblatex Info: ... file 'numeric-comp.dbx' not found.
Package biblatex Info: Trying to load biblatex custom data model...
Package biblatex Info: ... file 'biblatex-dm.cfg' not found.
\c@afterword=\count383
\c@savedafterword=\count384
\c@annotator=\count385
\c@savedannotator=\count386
\c@author=\count387
\c@savedauthor=\count388
\c@bookauthor=\count389
\c@savedbookauthor=\count390
\c@commentator=\count391
\c@savedcommentator=\count392
\c@editor=\count393
\c@savededitor=\count394
\c@editora=\count395
\c@savededitora=\count396
\c@editorb=\count397
\c@savededitorb=\count398
\c@editorc=\count399
\c@savededitorc=\count400
\c@foreword=\count401
\c@savedforeword=\count402
\c@holder=\count403
\c@savedholder=\count404
\c@introduction=\count405
\c@savedintroduction=\count406
\c@namea=\count407
\c@savednamea=\count408
\c@nameb=\count409
\c@savednameb=\count410
\c@namec=\count411
\c@savednamec=\count412
\c@translator=\count413
\c@savedtranslator=\count414
\c@shortauthor=\count415
\c@savedshortauthor=\count416
\c@shorteditor=\count417
\c@savedshorteditor=\count418
\c@labelname=\count419
\c@savedlabelname=\count420
\c@institution=\count421
\c@savedinstitution=\count422
\c@lista=\count423
\c@savedlista=\count424
\c@listb=\count425
\c@savedlistb=\count426
\c@listc=\count427
\c@savedlistc=\count428
\c@listd=\count429
\c@savedlistd=\count430
\c@liste=\count431
\c@savedliste=\count432
\c@listf=\count433
\c@savedlistf=\count434
\c@location=\count435
\c@savedlocation=\count436
\c@organization=\count437
\c@savedorganization=\count438
\c@origlocation=\count439
\c@savedoriglocation=\count440
\c@origpublisher=\count441
\c@savedorigpublisher=\count442
\c@publisher=\count443
\c@savedpublisher=\count444
\c@language=\count445
\c@savedlanguage=\count446
\c@origlanguage=\count447
\c@savedoriglanguage=\count448
\c@pageref=\count449
\c@savedpageref=\count450
\shorthandwidth=\skip81
\shortjournalwidth=\skip82
\shortserieswidth=\skip83
\shorttitlewidth=\skip84
\shortauthorwidth=\skip85
\shorteditorwidth=\skip86
\locallabelnumberwidth=\skip87
\locallabelalphawidth=\skip88
\localshorthandwidth=\skip89
\localshortjournalwidth=\skip90
\localshortserieswidth=\skip91
\localshorttitlewidth=\skip92
\localshortauthorwidth=\skip93
\localshorteditorwidth=\skip94
Package biblatex Info: Trying to load compatibility code...
Package biblatex Info: ... file 'blx-compat.def' found.

(/usr/share/texlive/texmf-dist/tex/latex/biblatex/blx-compat.def
File: blx-compat.def 2022/02/02 v3.17 biblatex compatibility (PK/MW)
)
Package biblatex Info: Trying to load generic definitions...
Package biblatex Info: ... file 'biblatex.def' found.

(/usr/share/texlive/texmf-dist/tex/latex/biblatex/biblatex.def
File: biblatex.def 2022/02/02 v3.17 biblatex compatibility (PK/MW)
\c@textcitecount=\count451
\c@textcitetotal=\count452
\c@textcitemaxnames=\count453
\c@biburlbigbreakpenalty=\count454
\c@biburlbreakpenalty=\count455
\c@biburlnumpenalty=\count456
\c@biburlucpenalty=\count457
\c@biburllcpenalty=\count458
\biburlbigskip=\muskip18
\biburlnumskip=\muskip19
\biburlucskip=\muskip20
\biburllcskip=\muskip21
\c@smartand=\count459
)
Package biblatex Info: Trying to load bibliography style 'numeric-comp'...
Package biblatex Info: ... file 'numeric-comp.bbx' found.

(/usr/share/texlive/texmf-dist/tex/latex/biblatex/bbx/numeric-comp.bbx
File: numeric-comp.bbx 2022/02/02 v3.17 biblatex bibliography style (PK/MW)
Package biblatex Info: Trying to load bibliography style 'numeric'...
Package biblatex Info: ... file 'numeric.bbx' found.

(/usr/share/texlive/texmf-dist/tex/latex/biblatex/bbx/numeric.bbx
File: numeric.bbx 2022/02/02 v3.17 biblatex bibliography style (PK/MW)
Package biblatex Info: Trying to load bibliography style 'standard'...
Package biblatex Info: ... file 'standard.bbx' found.

(/usr/share/texlive/texmf-dist/tex/latex/biblatex/bbx/standard.bbx
File: standard.bbx 2022/02/02 v3.17 biblatex bibliography style (PK/MW)
\c@bbx:relatedcount=\count460
\c@bbx:relatedtotal=\count461
)))
Package biblatex Info: Trying to load citation style 'numeric-comp'...
Package biblatex Info: ... file 'numeric-comp.cbx' found.

(/usr/share/texlive/texmf-dist/tex/latex/biblatex/cbx/numeric-comp.cbx
File: numeric-comp.cbx 2022/02/02 v3.17 biblatex citation style (PK/MW)
\c@cbx@tempcnta=\count462
\c@cbx@tempcntb=\count463
\c@cbx@tempcntc=\count464
\c@cbx@tempcntd=\count465
Package biblatex Info: Redefining '\cite'.
Package biblatex Info: Redefining '\parencite'.
Package biblatex Info: Redefining '\footcite'.
Package biblatex Info: Redefining '\footcitetext'.
Package biblatex Info: Redefining '\smartcite'.
Package biblatex Info: Redefining '\supercite'.
Package biblatex Info: Redefining '\textcite'.
Package biblatex Info: Redefining '\textcites'.
Package biblatex Info: Redefining '\cites'.
Package biblatex Info: Redefining '\parencites'.
Package biblatex Info: Redefining '\smartcites'.
)
Package biblatex Info: Trying to load configuration file...
Package biblatex Info: ... file 'biblatex.cfg' found.

(/usr/share/texlive/texmf-dist/tex/latex/biblatex/biblatex.cfg
File: biblatex.cfg 
)
Package biblatex Info: Input encoding 'utf8' detected.
Package biblatex Info: Document encoding is UTF8 ....
Package biblatex Info: ... and expl3
(biblatex)             2022-01-21 L3 programming layer (loader) 
(biblatex)             is new enough (at least 2020/04/06),
(biblatex)             setting 'casechanger=expl3'.

(/usr/share/texlive/texmf-dist/tex/latex/biblatex/blx-case-expl3.sty
Package: blx-case-expl3 2022/02/02 v3.17 expl3 case changing code for biblatex
))
Package csquotes Info: Checking for multilingual support...
Package csquotes Info: ... none found.
Package translations Info: No language package found. I am going to use `englis
h' as default language. on input line 83.

(./main.aux)
\openout1 = `main.aux'.

LaTeX Font Info:    Checking defaults for OML/cmm/m/it on input line 83.
LaTeX Font Info:    ... okay on input line 83.
LaTeX Font Info:    Checking defaults for OMS/cmsy/m/n on input line 83.
LaTeX Font Info:    ... okay on input line 83.
LaTeX Font Info:    Checking defaults for OT1/cmr/m/n on input line 83.
LaTeX Font Info:    ... okay on input line 83.
LaTeX Font Info:    Checking defaults for T1/cmr/m/n on input line 83.
LaTeX Font Info:    ... okay on input line 83.
LaTeX Font Info:    Checking defaults for TS1/cmr/m/n on input line 83.
LaTeX Font Info:    ... okay on input line 83.
LaTeX Font Info:    Checking defaults for OMX/cmex/m/n on input line 83.
LaTeX Font Info:    ... okay on input line 83.
LaTeX Font Info:    Checking defaults for U/cmr/m/n on input line 83.
LaTeX Font Info:    ... okay on input line 83.
LaTeX Font Info:    Checking defaults for PD1/pdf/m/n on input line 83.
LaTeX Font Info:    ... okay on input line 83.
LaTeX Font Info:    Checking defaults for PU/pdf/m/n on input line 83.
LaTeX Font Info:    ... okay on input line 83.
 (/usr/share/texlive/texmf-dist/tex/context/base/mkii/supp-pdf.mkii
[Loading MPS to PDF converter (version 2006.09.02).]
\scratchcounter=\count466
\scratchdimen=\dimen189
\scratchbox=\box66
\nofMPsegments=\count467
\nofMParguments=\count468
\everyMPshowfont=\toks40
\MPscratchCnt=\count469
\MPscratchDim=\dimen190
\MPnumerator=\count470
\makeMPintoPDFobject=\count471
\everyMPtoPDFconversion=\toks41
) (/usr/share/texlive/texmf-dist/tex/latex/epstopdf-pkg/epstopdf-base.sty
Package: epstopdf-base 2020-01-24 v2.11 Base part for package epstopdf
Package epstopdf-base Info: Redefining graphics rule for `.eps' on input line 4
85.

(/usr/share/texlive/texmf-dist/tex/latex/latexconfig/epstopdf-sys.cfg
File: epstopdf-sys.cfg 2010/07/13 v1.3 Configuration of (r)epstopdf for TeX Liv
e
))
*geometry* driver: auto-detecting
*geometry* detected driver: pdftex
*geometry* verbose mode - [ preamble ] result:
* driver: pdftex
* paper: a4paper
* layout: <same size as paper>
* layoutoffset:(h,v)=(0.0pt,0.0pt)
* modes: 
* h-part:(L,W,R)=(85.35826pt, 426.79135pt, 85.35826pt)
* v-part:(T,H,B)=(99.58464pt, 674.33032pt, 71.13188pt)
* \paperwidth=597.50787pt
* \paperheight=845.04684pt
* \textwidth=426.79135pt
* \textheight=674.33032pt
* \oddsidemargin=13.08827pt
* \evensidemargin=13.08827pt
* \topmargin=-4.55914pt
* \headheight=15.0pt
* \headsep=19.8738pt
* \topskip=12.0pt
* \footskip=30.0pt
* \marginparwidth=38.0pt
* \marginparsep=7.0pt
* \columnsep=10.0pt
* \skip\footins=10.8pt plus 4.0pt minus 2.0pt
* \hoffset=0.0pt
* \voffset=0.0pt
* \mag=1000
* \@twocolumnfalse
* \@twosidefalse
* \@mparswitchfalse
* \@reversemarginfalse
* (1in=72.27pt=25.4mm, 1cm=28.453pt)

LaTeX Info: Redefining \microtypecontext on input line 83.
Package microtype Info: Applying patch `item' on input line 83.
Package microtype Info: Applying patch `toc' on input line 83.
Package microtype Info: Applying patch `eqnum' on input line 83.
Package microtype Info: Applying patch `footnote' on input line 83.
Package microtype Info: Generating PDF output.
Package microtype Info: Character protrusion enabled (level 2).
Package microtype Info: Using default protrusion set `alltext'.
Package microtype Info: Automatic font expansion enabled (level 2),
(microtype)             stretch: 20, shrink: 20, step: 1, non-selected.
Package microtype Info: Using default expansion set `alltext-nott'.
LaTeX Info: Redefining \showhyphens on input line 83.
Package microtype Info: No adjustment of tracking.
Package microtype Info: No adjustment of interword spacing.
Package microtype Info: No adjustment of character kerning.
(/usr/share/texlive/texmf-dist/tex/latex/microtype/mt-ptm.cfg
File: mt-ptm.cfg 2006/04/20 v1.7 microtype config. file: Times (RS)
)
LaTeX Info: Redefining \celsius on input line 83.
Package gensymb Info: Faking symbols for \degree and \celsius on input line 83.



Package gensymb Warning: Not defining \perthousand.

LaTeX Info: Redefining \ohm on input line 83.
Package gensymb Info: Using \Omega for \ohm on input line 83.

Package gensymb Warning: Not defining \micro.

(/usr/share/texlive/texmf-dist/tex/latex/pdflscape/pdflscape.sty
Package: pdflscape 2019/12/05 v0.12 Display of landscape pages in PDF (HO)

(/usr/share/texlive/texmf-dist/tex/latex/graphics/lscape.sty
Package: lscape 2020/05/28 v3.02 Landscape Pages (DPC)
)
Package pdflscape Info: Auto-detected driver: pdftex on input line 81.
)
Package hyperref Info: Link coloring OFF on input line 83.

(/usr/share/texlive/texmf-dist/tex/latex/hyperref/nameref.sty
Package: nameref 2021-04-02 v2.47 Cross-referencing by name of section

(/usr/share/texlive/texmf-dist/tex/latex/refcount/refcount.sty
Package: refcount 2019/12/15 v3.6 Data extraction from label references (HO)
)
(/usr/share/texlive/texmf-dist/tex/generic/gettitlestring/gettitlestring.sty
Package: gettitlestring 2019/12/15 v1.6 Cleanup title references (HO)
)
\c@section@level=\count472
)
LaTeX Info: Redefining \ref on input line 83.
LaTeX Info: Redefining \pageref on input line 83.
LaTeX Info: Redefining \nameref on input line 83.

(./main.out) (./main.out)
\@outlinefile=\write4
\openout4 = `main.out'.

Package caption Info: Begin \AtBeginDocument code.
Package caption Info: End \AtBeginDocument code.

(/usr/share/texlive/texmf-dist/tex/latex/translations/translations-basic-dictio
nary-english.trsl
File: translations-basic-dictionary-english.trsl (english translation file `tra
nslations-basic-dictionary')
)
Package translations Info: loading dictionary `translations-basic-dictionary' f
or `english'. on input line 83.
Package biblatex Info: Trying to load language 'english'...
Package biblatex Info: ... file 'english.lbx' found.

(/usr/share/texlive/texmf-dist/tex/latex/biblatex/lbx/english.lbx
File: english.lbx 2022/02/02 v3.17 biblatex localization (PK/MW)
)
Package biblatex Info: Input encoding 'utf8' detected.
Package biblatex Info: Automatic encoding selection.
(biblatex)             Assuming data encoding 'utf8'.
\openout3 = `main.bcf'.

Package biblatex Info: Trying to load bibliographic data...
Package biblatex Info: ... file 'main.bbl' found.
 (./main.bbl)
Package biblatex Info: Reference section=0 on input line 83.
Package biblatex Info: Reference segment=0 on input line 83.
(./capa.tex [1


{/var/lib/texmf/fonts/map/pdftex/updmap/pdftex.map}])
<FichaCatalog.pdf, id=146, 597.432pt x 845.07718pt>
File: FichaCatalog.pdf Graphic file (type pdf)
<use FichaCatalog.pdf>
Package pdftex.def Info: FichaCatalog.pdf  used on input line 91.
(pdftex.def)             Requested size: 597.43054pt x 845.07512pt.
File: FichaCatalog.pdf Graphic file (type pdf)
<use FichaCatalog.pdf>
Package pdftex.def Info: FichaCatalog.pdf  used on input line 91.
(pdftex.def)             Requested size: 597.43054pt x 845.07512pt.
<FichaCatalog.pdf, id=149, page=1, 597.432pt x 845.07718pt>
File: FichaCatalog.pdf Graphic file (type pdf)
<use FichaCatalog.pdf, page 1>
Package pdftex.def Info: FichaCatalog.pdf , page1 used on input line 91.
(pdftex.def)             Requested size: 597.43054pt x 845.07512pt.
File: FichaCatalog.pdf Graphic file (type pdf)
<use FichaCatalog.pdf, page 1>
Package pdftex.def Info: FichaCatalog.pdf , page1 used on input line 91.
(pdftex.def)             Requested size: 597.45789pt x 845.1138pt.
File: FichaCatalog.pdf Graphic file (type pdf)
<use FichaCatalog.pdf, page 1>
Package pdftex.def Info: FichaCatalog.pdf , page1 used on input line 91.
(pdftex.def)             Requested size: 597.45789pt x 845.1138pt.
File: FichaCatalog.pdf Graphic file (type pdf)
<use FichaCatalog.pdf, page 1>
Package pdftex.def Info: FichaCatalog.pdf , page1 used on input line 91.
(pdftex.def)             Requested size: 597.45789pt x 845.1138pt.
pdfTeX warning (ext4): destination with the same identifier (name{page.}) has b
een already used, duplicate ignored
<to be read again> 
                   \relax 
l.91 \includepdf[pages={1}]{FichaCatalog.pdf}
                                             
File: FichaCatalog.pdf Graphic file (type pdf)
<use FichaCatalog.pdf, page 1>
Package pdftex.def Info: FichaCatalog.pdf , page1 used on input line 91.
(pdftex.def)             Requested size: 597.45789pt x 845.1138pt.
 [1

 <./FichaCatalog.pdf>]
(./capa_en.texpdfTeX warning (ext4): destination with the same identifier (name
{page.}) has been already used, duplicate ignored
<to be read again> 
                   \relax 
l.61 \clearpage
                [1

])pdfTeX warning (ext4): destination with the same identifier (name{page.}) has
 been already used, duplicate ignored
<to be read again> 
                   \relax 
l.115 ...eft=3cm, right=2cm, top=4cm, bottom=2cm,}
                                                   [1

]
*geometry* verbose mode - [ newgeometry ] result:
* driver: pdftex
* paper: a4paper
* layout: <same size as paper>
* layoutoffset:(h,v)=(0.0pt,0.0pt)
* modes: 
* h-part:(L,W,R)=(85.35826pt, 455.24411pt, 56.9055pt)
* v-part:(T,H,B)=(113.81102pt, 674.33032pt, 56.9055pt)
* \paperwidth=597.50787pt
* \paperheight=845.04684pt
* \textwidth=455.24411pt
* \textheight=674.33032pt
* \oddsidemargin=13.08827pt
* \evensidemargin=13.08827pt
* \topmargin=6.66724pt
* \headheight=15.0pt
* \headsep=19.8738pt
* \topskip=12.0pt
* \footskip=30.0pt
* \marginparwidth=38.0pt
* \marginparsep=7.0pt
* \columnsep=10.0pt
* \skip\footins=10.8pt plus 4.0pt minus 2.0pt
* \hoffset=0.0pt
* \voffset=0.0pt
* \mag=1000
* \@twocolumnfalse
* \@twosidefalse
* \@mparswitchfalse
* \@reversemarginfalse
* (1in=72.27pt=25.4mm, 1cm=28.453pt)

pdfTeX warning (ext4): destination with the same identifier (name{page.}) has b
een already used, duplicate ignored
<to be read again> 
                   \relax 
l.130 
       [2


]pdfTeX warning (ext4): destination with the same identifier (name{page.}) has 
been already used, duplicate ignored
<to be read again> 
                   \relax 
l.136 \chapter
              *{Abstract} [3]
(/usr/share/texlive/texmf-dist/tex/latex/microtype/mt-cmr.cfg
File: mt-cmr.cfg 2013/05/19 v2.2 microtype config. file: Computer Modern Roman 
(RS)
)
LaTeX Font Info:    Trying to load font information for U+msa on input line 138
.

(/usr/share/texlive/texmf-dist/tex/latex/amsfonts/umsa.fd
File: umsa.fd 2013/01/14 v3.01 AMS symbols A
)
(/usr/share/texlive/texmf-dist/tex/latex/microtype/mt-msa.cfg
File: mt-msa.cfg 2006/02/04 v1.1 microtype config. file: AMS symbols (a) (RS)
)
LaTeX Font Info:    Trying to load font information for U+msb on input line 138
.

(/usr/share/texlive/texmf-dist/tex/latex/amsfonts/umsb.fd
File: umsb.fd 2013/01/14 v3.01 AMS symbols B
)
(/usr/share/texlive/texmf-dist/tex/latex/microtype/mt-msb.cfg
File: mt-msb.cfg 2005/06/01 v1.0 microtype config. file: AMS symbols (b) (RS)
)pdfTeX warning (ext4): destination with the same identifier (name{page.}) has 
been already used, duplicate ignored
<to be read again> 
                   \relax 
l.144 \chapter
              *{Resumo} [4

]pdfTeX warning (ext4): destination with the same identifier (name{page.}) has 
been already used, duplicate ignored
<to be read again> 
                   \relax 
l.154 \listoffigures
                     [5

] (./main.lofpdfTeX warning (ext4): destination with the same identifier (name{
page.}) has been already used, duplicate ignored
<to be read again> 
                   \relax 
l.12 ...ccorr )}}.\relax }}{30}{figure.caption.19}
                                                  % [6

]pdfTeX warning (ext4): destination with the same identifier (name{page.}) has 
been already used, duplicate ignored
<to be read again> 
                   \relax 
l.24 ...data (TE).\relax }}{48}{figure.caption.29}
                                                  % [7])
\tf@lof=\write5
\openout5 = `main.lof'.

pdfTeX warning (ext4): destination with the same identifier (name{page.}) has b
een already used, duplicate ignored
<to be read again> 
                   \relax 
l.158 \listoftables
                    [8] (./main.lot)
\tf@lot=\write6
\openout6 = `main.lot'.

pdfTeX warning (ext4): destination with the same identifier (name{page.}) has b
een already used, duplicate ignored
<to be read again> 
                   \relax 
l.160 \tableofcontents
                       [9

] (./main.toc)
\tf@toc=\write7
\openout7 = `main.toc'.

pdfTeX warning (ext4): destination with the same identifier (name{page.}) has b
een already used, duplicate ignored
<to be read again> 
                   \relax 
l.162 \cleardoublepage
                       [10

]
Chapter 1.
<Imagens/satellites.jpg, id=454, 722.7pt x 401.5pt>
File: Imagens/satellites.jpg Graphic file (type jpg)
<use Imagens/satellites.jpg>
Package pdftex.def Info: Imagens/satellites.jpg  used on input line 181.
(pdftex.def)             Requested size: 409.71692pt x 227.61984pt.
[1


]
<Imagens/ISW_illustration.png, id=474, 398.48875pt x 210.7875pt>
File: Imagens/ISW_illustration.png Graphic file (type png)
<use Imagens/ISW_illustration.png>
Package pdftex.def Info: Imagens/ISW_illustration.png  used on input line 190.
(pdftex.def)             Requested size: 318.66948pt x 168.57233pt.
 [2 <./Imagens/satellites.jpg>] [3 <./Imagens/ISW_illustration.png>]
[4]
Chapter 2.
[5

]
LaTeX Font Info:    Trying to load font information for TS1+ptm on input line 2
40.
 (/usr/share/texlive/texmf-dist/tex/latex/psnfss/ts1ptm.fd
File: ts1ptm.fd 2001/06/04 font definitions for TS1/ptm.
) [6] [7] [8]
[9] [10]
<Imagens/CMB_Timeline300_no_WMAP.jpg, id=606, 1927.2pt x 1271.75125pt>
File: Imagens/CMB_Timeline300_no_WMAP.jpg Graphic file (type jpg)
<use Imagens/CMB_Timeline300_no_WMAP.jpg>
Package pdftex.def Info: Imagens/CMB_Timeline300_no_WMAP.jpg  used on input lin
e 397.
(pdftex.def)             Requested size: 409.71692pt x 270.35515pt.
 [11] [12 <./Imagens/CMB_Timeline300_no_WMAP.jpg>] [13] [14] [15]
[16] [17]

pdfTeX warning: /usr/bin/pdflatex (file ./Imagens/planck_spectrum.pdf): PDF inc
lusion: found PDF version <1.6>, but at most version <1.5> allowed
<Imagens/planck_spectrum.pdf, id=698, 475.05078pt x 329.1196pt>
File: Imagens/planck_spectrum.pdf Graphic file (type pdf)
<use Imagens/planck_spectrum.pdf>
Package pdftex.def Info: Imagens/planck_spectrum.pdf  used on input line 602.
(pdftex.def)             Requested size: 409.71692pt x 283.86595pt.
[18] [19 <./Imagens/planck_spectrum.pdf>] [20] [21]
<Imagens/Pk_3dmatter_LCDM.png, id=1011, 462.528pt x 346.896pt>
File: Imagens/Pk_3dmatter_LCDM.png Graphic file (type png)
<use Imagens/Pk_3dmatter_LCDM.png>
Package pdftex.def Info: Imagens/Pk_3dmatter_LCDM.png  used on input line 680.
(pdftex.def)             Requested size: 341.43307pt x 256.08499pt.
 [22 <./Imagens/Pk_3dmatter_LCDM.png>] [23]
<Imagens/Ctt_comparison.png, id=1037, 578.16pt x 390.9807pt>
File: Imagens/Ctt_comparison.png Graphic file (type png)
<use Imagens/Ctt_comparison.png>
Package pdftex.def Info: Imagens/Ctt_comparison.png  used on input line 726.
(pdftex.def)             Requested size: 341.43307pt x 230.89137pt.
<Imagens/Correlations_DoublePlot.png, id=1041, 918.5517pt x 375.804pt>
File: Imagens/Correlations_DoublePlot.png Graphic file (type png)
<use Imagens/Correlations_DoublePlot.png>
Package pdftex.def Info: Imagens/Correlations_DoublePlot.png  used on input lin
e 735.
(pdftex.def)             Requested size: 446.13727pt x 182.5285pt.
 [24 <./Imagens/Ctt_comparison.png>]

LaTeX Warning: Command \textasciiacute invalid in math mode on input line 749.

LaTeX Info: Symbol \textasciiacute not provided by
            font family ptm in TS1 encoding.
            Default family used instead on input line 749.

LaTeX Warning: Command \textasciiacute invalid in math mode on input line 749.


LaTeX Warning: Command \textasciiacute invalid in math mode on input line 749.

Missing character: There is no ´ in font cmr12!
[25 <./Imagens/Correlations_DoublePlot.png>]
<Imagens/full_doublscale_Wafixo0.33.png, id=1093, 722.7pt x 491.436pt>
File: Imagens/full_doublscale_Wafixo0.33.png Graphic file (type png)
<use Imagens/full_doublscale_Wafixo0.33.png>
Package pdftex.def Info: Imagens/full_doublscale_Wafixo0.33.png  used on input 
line 810.
(pdftex.def)             Requested size: 256.924pt x 174.7047pt.
<Imagens/full_doublscale_Wafixo0.67.png, id=1094, 722.7pt x 491.436pt>
File: Imagens/full_doublscale_Wafixo0.67.png Graphic file (type png)
<use Imagens/full_doublscale_Wafixo0.67.png>
Package pdftex.def Info: Imagens/full_doublscale_Wafixo0.67.png  used on input 
line 810.
(pdftex.def)             Requested size: 256.924pt x 174.7047pt.
<Imagens/full_doublscale_Wafixo1.00.png, id=1095, 722.7pt x 491.436pt>
File: Imagens/full_doublscale_Wafixo1.00.png Graphic file (type png)
<use Imagens/full_doublscale_Wafixo1.00.png>
Package pdftex.def Info: Imagens/full_doublscale_Wafixo1.00.png  used on input 
line 825.
(pdftex.def)             Requested size: 256.924pt x 174.7047pt.
<Imagens/full_doublscale_Cs2fixo0.01.png, id=1096, 722.7pt x 491.436pt>
File: Imagens/full_doublscale_Cs2fixo0.01.png Graphic file (type png)
<use Imagens/full_doublscale_Cs2fixo0.01.png>
Package pdftex.def Info: Imagens/full_doublscale_Cs2fixo0.01.png  used on input
 line 825.
(pdftex.def)             Requested size: 256.924pt x 174.7047pt.
<Imagens/full_doublscale_Cs2fixo0.10.png, id=1097, 722.7pt x 491.436pt>
File: Imagens/full_doublscale_Cs2fixo0.10.png Graphic file (type png)
<use Imagens/full_doublscale_Cs2fixo0.10.png>
Package pdftex.def Info: Imagens/full_doublscale_Cs2fixo0.10.png  used on input
 line 840.
(pdftex.def)             Requested size: 256.924pt x 174.7047pt.
<Imagens/full_doublscale_Cs2fixo1.00.png, id=1098, 722.7pt x 491.436pt>
File: Imagens/full_doublscale_Cs2fixo1.00.png Graphic file (type png)
<use Imagens/full_doublscale_Cs2fixo1.00.png>
Package pdftex.def Info: Imagens/full_doublscale_Cs2fixo1.00.png  used on input
 line 840.
(pdftex.def)             Requested size: 256.924pt x 174.7047pt.

Overfull \hbox (64.58481pt too wide) in paragraph at lines 796--841
 [][] 
 []


Overfull \hbox (64.58481pt too wide) in paragraph at lines 796--841
 [] 
 []


Overfull \hbox (64.58481pt too wide) in paragraph at lines 796--841
 [] 
 []


LaTeX Warning: Float too large for page by 22.08372pt on input line 843.

[26] [27] [28 <./Imagens/full_doublscale_Wafixo0.33.png> <./Imagens/full_doubls
cale_Wafixo0.67.png> <./Imagens/full_doublscale_Wafixo1.00.png> <./Imagens/full
_doublscale_Cs2fixo0.01.png> <./Imagens/full_doublscale_Cs2fixo0.10.png> <./Ima
gens/full_doublscale_Cs2fixo1.00.png>]
Chapter 3.
<Imagens/selection_2MASS.png, id=1136, 456.0237pt x 338.2236pt>
File: Imagens/selection_2MASS.png Graphic file (type png)
<use Imagens/selection_2MASS.png>
Package pdftex.def Info: Imagens/selection_2MASS.png  used on input line 874.
(pdftex.def)             Requested size: 318.66948pt x 236.35751pt.
[29

]
<Imagens/Selection_TriplePlot.png, id=1148, 1084.05pt x 361.35pt>
File: Imagens/Selection_TriplePlot.png Graphic file (type png)
<use Imagens/Selection_TriplePlot.png>
Package pdftex.def Info: Imagens/Selection_TriplePlot.png  used on input line 8
91.
(pdftex.def)             Requested size: 455.24411pt x 151.74942pt.
 [30 <./Imagens/selection_2MASS.png>]
<Imagens/SynthMap_CMB.png, id=1164, 614.295pt x 390.258pt>
File: Imagens/SynthMap_CMB.png Graphic file (type png)
<use Imagens/SynthMap_CMB.png>
Package pdftex.def Info: Imagens/SynthMap_CMB.png  used on input line 909.
(pdftex.def)             Requested size: 223.07211pt x 141.7135pt.
<Imagens/SynthMap_Galaxy.png, id=1165, 614.295pt x 390.258pt>
File: Imagens/SynthMap_Galaxy.png Graphic file (type png)
<use Imagens/SynthMap_Galaxy.png>
Package pdftex.def Info: Imagens/SynthMap_Galaxy.png  used on input line 915.
(pdftex.def)             Requested size: 223.07211pt x 141.7135pt.
<Imagens/Synth_TriplePlot.png, id=1167, 1300.86pt x 361.35pt>
File: Imagens/Synth_TriplePlot.png Graphic file (type png)
<use Imagens/Synth_TriplePlot.png>
Package pdftex.def Info: Imagens/Synth_TriplePlot.png  used on input line 927.
(pdftex.def)             Requested size: 455.24411pt x 126.45786pt.
 [31 <./Imagens/Selection_TriplePlot.png>]
<Imagens/hist_l4.png, id=1174, 722.7pt x 578.16pt>
File: Imagens/hist_l4.png Graphic file (type png)
<use Imagens/hist_l4.png>
Package pdftex.def Info: Imagens/hist_l4.png  used on input line 937.
(pdftex.def)             Requested size: 223.07211pt x 178.46024pt.
<Imagens/hist_l30.png, id=1175, 722.7pt x 578.16pt>
File: Imagens/hist_l30.png Graphic file (type png)
<use Imagens/hist_l30.png>
Package pdftex.def Info: Imagens/hist_l30.png  used on input line 943.
(pdftex.def)             Requested size: 223.07211pt x 178.46024pt.
 [32 <./Imagens/SynthMap_CMB.png> <./Imagens/SynthMap_Galaxy.png> <./Imagens/Sy
nth_TriplePlot.png>] [33 <./Imagens/hist_l4.png> <./Imagens/hist_l30.png>]
<Imagens/triple_colorplot.png, id=1199, 462.528pt x 323.0469pt>
File: Imagens/triple_colorplot.png Graphic file (type png)
<use Imagens/triple_colorplot.png>
Package pdftex.def Info: Imagens/triple_colorplot.png  used on input line 971.
(pdftex.def)             Requested size: 418.82375pt x 292.53871pt.

[34 <./Imagens/triple_colorplot.png>]
<Imagens/minimum_SelFunc.png, id=1211, 650.43pt x 433.62pt>
File: Imagens/minimum_SelFunc.png Graphic file (type png)
<use Imagens/minimum_SelFunc.png>
Package pdftex.def Info: Imagens/minimum_SelFunc.png  used on input line 990.
(pdftex.def)             Requested size: 223.07211pt x 148.71245pt.
<Imagens/minimumX2mass.png, id=1212, 650.43pt x 433.62pt>
File: Imagens/minimumX2mass.png Graphic file (type png)
<use Imagens/minimumX2mass.png>
Package pdftex.def Info: Imagens/minimumX2mass.png  used on input line 997.
(pdftex.def)             Requested size: 223.07211pt x 148.71245pt.
 [35 <./Imagens/minimum_SelFunc.png> <./Imagens/minimumX2mass.png>]
Chapter 4.
[36

]
<Imagens/wmap_Q_wmask.png, id=1236, 614.295pt x 361.35pt>
File: Imagens/wmap_Q_wmask.png Graphic file (type png)
<use Imagens/wmap_Q_wmask.png>
Package pdftex.def Info: Imagens/wmap_Q_wmask.png  used on input line 1034.
(pdftex.def)             Requested size: 223.07211pt x 131.21622pt.
<Imagens/wmap_V_wmask.png, id=1237, 614.295pt x 361.35pt>
File: Imagens/wmap_V_wmask.png Graphic file (type png)
<use Imagens/wmap_V_wmask.png>
Package pdftex.def Info: Imagens/wmap_V_wmask.png  used on input line 1041.
(pdftex.def)             Requested size: 223.07211pt x 131.21622pt.
<Imagens/wmap_W_wmask.png, id=1238, 613.5723pt x 361.35pt>
File: Imagens/wmap_W_wmask.png Graphic file (type png)
<use Imagens/wmap_W_wmask.png>
Package pdftex.def Info: Imagens/wmap_W_wmask.png  used on input line 1048.
(pdftex.def)             Requested size: 223.07211pt x 131.3706pt.
 [37 <./Imagens/wmap_Q_wmask.png> <./Imagens/wmap_V_wmask.png> <./Imagens/wmap_
W_wmask.png>] [38]
<Imagens/band1_wmask_xsc.png, id=1270, 613.5723pt x 361.35pt>
File: Imagens/band1_wmask_xsc.png Graphic file (type png)
<use Imagens/band1_wmask_xsc.png>
Package pdftex.def Info: Imagens/band1_wmask_xsc.png  used on input line 1075.
(pdftex.def)             Requested size: 225.3436pt x 132.71043pt.
<Imagens/band2_wmask_xsc.png, id=1271, 614.295pt x 361.35pt>
File: Imagens/band2_wmask_xsc.png Graphic file (type png)
<use Imagens/band2_wmask_xsc.png>
Package pdftex.def Info: Imagens/band2_wmask_xsc.png  used on input line 1082.
(pdftex.def)             Requested size: 225.3436pt x 132.55606pt.
<Imagens/band3_wmask_xsc.png, id=1272, 614.295pt x 361.35pt>
File: Imagens/band3_wmask_xsc.png Graphic file (type png)
<use Imagens/band3_wmask_xsc.png>
Package pdftex.def Info: Imagens/band3_wmask_xsc.png  used on input line 1089.
(pdftex.def)             Requested size: 225.3436pt x 132.55606pt.
<Imagens/band4_wmask_xsc.png, id=1273, 614.295pt x 361.35pt>
File: Imagens/band4_wmask_xsc.png Graphic file (type png)
<use Imagens/band4_wmask_xsc.png>
Package pdftex.def Info: Imagens/band4_wmask_xsc.png  used on input line 1096.
(pdftex.def)             Requested size: 225.3436pt x 132.55606pt.
 [39 <./Imagens/band1_wmask_xsc.png> <./Imagens/band2_wmask_xsc.png> <./Imagens
/band3_wmask_xsc.png> <./Imagens/band4_wmask_xsc.png>]
[40] [41] [42]
Overfull \hbox (23.67862pt too wide) in paragraph at lines 1256--1257
[]\T1/ptm/m/n/12 (-20) It is also as-sumed that the noise's co-vari-ance ma-tri
x is di-ag-o-nal: $\OML/cmm/m/it/12 N \OT1/cmr/m/n/12 = [](\OML/cmm/m/it/12 N[]
; [] ; N[]; [] ; N[]\OT1/cmr/m/n/12 )$
 []

[43]
<Imagens/Full_Data_Plot.png, id=1338, 1445.4pt x 1156.32pt>
File: Imagens/Full_Data_Plot.png Graphic file (type png)
<use Imagens/Full_Data_Plot.png>
Package pdftex.def Info: Imagens/Full_Data_Plot.png  used on input line 1290.
(pdftex.def)             Requested size: 455.24411pt x 364.1898pt.
 [44] [45 <./Imagens/Full_Data_Plot.png>]
Chapter 5.
[46

] [47]
<Imagens/compare_likelihoods.png, id=1374, 859.2903pt x 448.7967pt>
File: Imagens/compare_likelihoods.png Graphic file (type png)
<use Imagens/compare_likelihoods.png>
Package pdftex.def Info: Imagens/compare_likelihoods.png  used on input line 13
38.
(pdftex.def)             Requested size: 455.24411pt x 237.76523pt.
 [48 <./Imagens/compare_likelihoods.png>] [49]
<Imagens/profile_ctg_Nmc2e7.png, id=1396, 462.528pt x 346.896pt>
File: Imagens/profile_ctg_Nmc2e7.png Graphic file (type png)
<use Imagens/profile_ctg_Nmc2e7.png>
Package pdftex.def Info: Imagens/profile_ctg_Nmc2e7.png  used on input line 137
7.
(pdftex.def)             Requested size: 318.66948pt x 239.01443pt.
<Imagens/profile_allbands_Nmc2e7.png, id=1400, 462.528pt x 346.896pt>
File: Imagens/profile_allbands_Nmc2e7.png Graphic file (type png)
<use Imagens/profile_allbands_Nmc2e7.png>
Package pdftex.def Info: Imagens/profile_allbands_Nmc2e7.png  used on input lin
e 1390.
(pdftex.def)             Requested size: 318.66948pt x 239.01443pt.
 [50 <./Imagens/profile_ctg_Nmc2e7.png>] [51 <./Imagens/profile_allbands_Nmc2e7
.png>]
<Imagens/profile_BestBand.png, id=1416, 462.528pt x 346.896pt>
File: Imagens/profile_BestBand.png Graphic file (type png)
<use Imagens/profile_BestBand.png>
Package pdftex.def Info: Imagens/profile_BestBand.png  used on input line 1407.

(pdftex.def)             Requested size: 318.66948pt x 239.01443pt.
 [52 <./Imagens/profile_BestBand.png>] [53]
Chapter 6.
[54

] [55] [56] [57] [58]
Appendix A.
[59

] [60]
Appendix B.
[61

] [62]
LaTeX Font Info:    Trying to load font information for T1+pcr on input line 16
50.
 (/usr/share/texlive/texmf-dist/tex/latex/psnfss/t1pcr.fd
File: t1pcr.fd 2001/06/04 font definitions for T1/pcr.
)
Package microtype Info: Loading generic protrusion settings for font family
(microtype)             `pcr' (encoding: T1).
(microtype)             For optimal results, create family-specific settings.
(microtype)             See the microtype manual for details.

Overfull \hbox (3.09627pt too wide) in paragraph at lines 1651--1651
[]\T1/ptm/m/n/12 (-20) D. J. Fixsen. ^^P  THE TEM-PER-A-TURE OF THE COS-MIC MI-
CROWAVE BACK-GROUND^^Q.
 []

[63

] [64]
Overfull \hbox (25.28688pt too wide) in paragraph at lines 1651--1651
[]\T1/ptm/m/n/12 (-20) S. Do-del-son and F. Schmidt. \T1/ptm/m/it/12 (-20) Mod-
ern Cos-mol-ogy\T1/ptm/m/n/12 (-20) . El-se-vier Sci-ence, 2020. \T1/ptm/m/sc/1
2 (-20) isbn\T1/ptm/m/n/12 (-20) : 9780128159484.
 []

[65]

Package biblatex Warning: No driver for entry type 'masterthesis'.
(biblatex)                Using fallback driver on input line 1650.


Overfull \hbox (20.03078pt too wide) in paragraph at lines 1651--1651
\T1/pcr/m/n/12 1016 / j . astropartphys . 2004 . 12 . 004$[]\T1/ptm/m/n/12 (-20
) . \T1/ptm/m/sc/12 (-20) url\T1/ptm/m/n/12 (-20) : []$\T1/pcr/m/n/12 https : /
 / www . sciencedirect .
 []

[66] [67] [68] [69] (./main.aux)
Package rerunfilecheck Info: File `main.out' has not changed.
(rerunfilecheck)             Checksum: 1E7C83FD2699B56B28AB3013FEDAEB6D;6805.
Package logreq Info: Writing requests to 'main.run.xml'.
\openout1 = `main.run.xml'.

 ) 
Here is how much of TeX's memory you used:
 28859 strings out of 478287
 551610 string characters out of 5849289
 1289284 words of memory out of 5000000
 45924 multiletter control sequences out of 15000+600000
 551434 words of font info for 350 fonts, out of 8000000 for 9000
 1141 hyphenation exceptions out of 8191
 68i,17n,77p,2155b,1879s stack positions out of 5000i,500n,10000p,200000b,80000s
{/usr/share/texlive/texmf-dist/fonts/enc/dvips/base/8r.enc}</usr/share/texliv
e/texmf-dist/fonts/type1/public/amsfonts/cm/cmbx12.pfb></usr/share/texlive/texm
f-dist/fonts/type1/public/amsfonts/cm/cmbx8.pfb></usr/share/texlive/texmf-dist/
fonts/type1/public/amsfonts/cm/cmex10.pfb></usr/share/texlive/texmf-dist/fonts/
type1/public/amsfonts/cm/cmmi10.pfb></usr/share/texlive/texmf-dist/fonts/type1/
public/amsfonts/cm/cmmi12.pfb></usr/share/texlive/texmf-dist/fonts/type1/public
/amsfonts/cm/cmmi6.pfb></usr/share/texlive/texmf-dist/fonts/type1/public/amsfon
ts/cm/cmmi8.pfb></usr/share/texlive/texmf-dist/fonts/type1/public/amsfonts/cm/c
mr10.pfb></usr/share/texlive/texmf-dist/fonts/type1/public/amsfonts/cm/cmr12.pf
b></usr/share/texlive/texmf-dist/fonts/type1/public/amsfonts/cm/cmr6.pfb></usr/
share/texlive/texmf-dist/fonts/type1/public/amsfonts/cm/cmr8.pfb></usr/share/te
xlive/texmf-dist/fonts/type1/public/amsfonts/cm/cmsy10.pfb></usr/share/texlive/
texmf-dist/fonts/type1/public/amsfonts/cm/cmsy6.pfb></usr/share/texlive/texmf-d
ist/fonts/type1/public/amsfonts/cm/cmsy8.pfb></usr/share/texlive/texmf-dist/fon
ts/type1/public/amsfonts/symbols/msam10.pfb></usr/share/texlive/texmf-dist/font
s/type1/public/amsfonts/symbols/msbm10.pfb></usr/share/texlive/texmf-dist/fonts
/type1/urw/courier/ucrr8a.pfb></usr/share/texlive/texmf-dist/fonts/type1/urw/ti
mes/utmb8a.pfb></usr/share/texlive/texmf-dist/fonts/type1/urw/times/utmr8a.pfb>
</usr/share/texlive/texmf-dist/fonts/type1/urw/times/utmri8a.pfb>
Output written on main.pdf (82 pages, 4373919 bytes).
PDF statistics:
 1960 PDF objects out of 2073 (max. 8388607)
 1494 compressed objects within 15 object streams
 330 named destinations out of 1000 (max. 500000)
 82900 words of extra memory for PDF output out of 89155 (max. 10000000)

